<?xml version="1.0" encoding="UTF-8"?>
<!-- Generated by org.testng.reporters.JUnitReportReporter -->
<testsuite hostname="QT-INBG-LT0774" failures="0" tests="1" name="Academy.Jenkinsdemo1" time="0.017" errors="0" timestamp="8 Jul 2021 16:33:50 GMT">
  <testcase classname="Academy.Jenkinsdemo1" name="demo1" time="0.017"/>
</testsuite> <!-- Academy.Jenkinsdemo1 -->
